e:\prog_projects\personal programs\c++\sidescrollingfighter\9_1_tp2_sidescrollingfighter\debug\vc141.pdb
e:\prog_projects\personal programs\c++\sidescrollingfighter\9_1_tp2_sidescrollingfighter\debug\vc141.idb
e:\prog_projects\personal programs\c++\sidescrollingfighter\9_1_tp2_sidescrollingfighter\debug\my_high_score.obj
e:\prog_projects\personal programs\c++\sidescrollingfighter\9_1_tp2_sidescrollingfighter\debug\npc.obj
e:\prog_projects\personal programs\c++\sidescrollingfighter\9_1_tp2_sidescrollingfighter\debug\options.obj
e:\prog_projects\personal programs\c++\sidescrollingfighter\9_1_tp2_sidescrollingfighter\debug\pause_menu.obj
e:\prog_projects\personal programs\c++\sidescrollingfighter\9_1_tp2_sidescrollingfighter\debug\play.obj
e:\prog_projects\personal programs\c++\sidescrollingfighter\9_1_tp2_sidescrollingfighter\debug\player_character.obj
e:\prog_projects\personal programs\c++\sidescrollingfighter\9_1_tp2_sidescrollingfighter\debug\saw.obj
e:\prog_projects\personal programs\c++\sidescrollingfighter\9_1_tp2_sidescrollingfighter\debug\scene.obj
e:\prog_projects\personal programs\c++\sidescrollingfighter\9_1_tp2_sidescrollingfighter\debug\score.obj
e:\prog_projects\personal programs\c++\sidescrollingfighter\9_1_tp2_sidescrollingfighter\debug\score_controller.obj
e:\prog_projects\personal programs\c++\sidescrollingfighter\9_1_tp2_sidescrollingfighter\debug\score_model.obj
e:\prog_projects\personal programs\c++\sidescrollingfighter\9_1_tp2_sidescrollingfighter\debug\search_high_score.obj
e:\prog_projects\personal programs\c++\sidescrollingfighter\9_1_tp2_sidescrollingfighter\debug\shuriken.obj
e:\prog_projects\personal programs\c++\sidescrollingfighter\9_1_tp2_sidescrollingfighter\debug\shuriken_spawner.obj
e:\prog_projects\personal programs\c++\sidescrollingfighter\9_1_tp2_sidescrollingfighter\debug\skeleton.obj
e:\prog_projects\personal programs\c++\sidescrollingfighter\9_1_tp2_sidescrollingfighter\debug\spike_trap.obj
e:\prog_projects\personal programs\c++\sidescrollingfighter\9_1_tp2_sidescrollingfighter\debug\text.obj
e:\prog_projects\personal programs\c++\sidescrollingfighter\9_1_tp2_sidescrollingfighter\debug\textbox.obj
e:\prog_projects\personal programs\c++\sidescrollingfighter\9_1_tp2_sidescrollingfighter\debug\tile.obj
e:\prog_projects\personal programs\c++\sidescrollingfighter\9_1_tp2_sidescrollingfighter\debug\victory_screen.obj
e:\prog_projects\personal programs\c++\sidescrollingfighter\9_1_tp2_sidescrollingfighter\debug\account_management.obj
e:\prog_projects\personal programs\c++\sidescrollingfighter\9_1_tp2_sidescrollingfighter\debug\account_model.obj
e:\prog_projects\personal programs\c++\sidescrollingfighter\9_1_tp2_sidescrollingfighter\debug\button.obj
e:\prog_projects\personal programs\c++\sidescrollingfighter\9_1_tp2_sidescrollingfighter\debug\character.obj
e:\prog_projects\personal programs\c++\sidescrollingfighter\9_1_tp2_sidescrollingfighter\debug\create_account.obj
e:\prog_projects\personal programs\c++\sidescrollingfighter\9_1_tp2_sidescrollingfighter\debug\defeat_screen.obj
e:\prog_projects\personal programs\c++\sidescrollingfighter\9_1_tp2_sidescrollingfighter\debug\delete_account.obj
e:\prog_projects\personal programs\c++\sidescrollingfighter\9_1_tp2_sidescrollingfighter\debug\entity.obj
e:\prog_projects\personal programs\c++\sidescrollingfighter\9_1_tp2_sidescrollingfighter\debug\game.obj
e:\prog_projects\personal programs\c++\sidescrollingfighter\9_1_tp2_sidescrollingfighter\debug\high_score.obj
e:\prog_projects\personal programs\c++\sidescrollingfighter\9_1_tp2_sidescrollingfighter\debug\input_manager.obj
e:\prog_projects\personal programs\c++\sidescrollingfighter\9_1_tp2_sidescrollingfighter\debug\log_in.obj
e:\prog_projects\personal programs\c++\sidescrollingfighter\9_1_tp2_sidescrollingfighter\debug\main.obj
e:\prog_projects\personal programs\c++\sidescrollingfighter\9_1_tp2_sidescrollingfighter\debug\main_menu.obj
e:\prog_projects\personal programs\c++\sidescrollingfighter\9_1_tp2_sidescrollingfighter\debug\menu.obj
e:\prog_projects\personal programs\c++\sidescrollingfighter\9_1_tp2_sidescrollingfighter\debug\menu_controller.obj
e:\prog_projects\personal programs\c++\sidescrollingfighter\9_1_tp2_sidescrollingfighter\debug\menu_factory.obj
e:\prog_projects\personal programs\c++\sidescrollingfighter\9_1_tp2_sidescrollingfighter\debug\modify_account.obj
e:\prog_projects\personal programs\c++\sidescrollingfighter\9_1_tp2_sidescrollingfighter\debug\movable.obj
e:\prog_projects\personal programs\c++\sidescrollingfighter\9_1_tp2_sidescrollingfighter\debug\multiplayer.obj
e:\prog_projects\personal programs\c++\sidescrollingfighter\9_1_tp2_sidescrollingfighter\debug\account_controller.obj
e:\prog_projects\personal programs\c++\sidescrollingfighter\debug\9_1_tp2_sidescrollingfighter.ilk
e:\prog_projects\personal programs\c++\sidescrollingfighter\debug\9_1_tp2_sidescrollingfighter.exe
e:\prog_projects\personal programs\c++\sidescrollingfighter\debug\9_1_tp2_sidescrollingfighter.pdb
e:\prog_projects\personal programs\c++\sidescrollingfighter\9_1_tp2_sidescrollingfighter\debug\9_1_tp2_.9ec42ac3.tlog\cl.command.1.tlog
e:\prog_projects\personal programs\c++\sidescrollingfighter\9_1_tp2_sidescrollingfighter\debug\9_1_tp2_.9ec42ac3.tlog\cl.read.1.tlog
e:\prog_projects\personal programs\c++\sidescrollingfighter\9_1_tp2_sidescrollingfighter\debug\9_1_tp2_.9ec42ac3.tlog\cl.write.1.tlog
e:\prog_projects\personal programs\c++\sidescrollingfighter\9_1_tp2_sidescrollingfighter\debug\9_1_tp2_.9ec42ac3.tlog\link.command.1.tlog
e:\prog_projects\personal programs\c++\sidescrollingfighter\9_1_tp2_sidescrollingfighter\debug\9_1_tp2_.9ec42ac3.tlog\link.read.1.tlog
e:\prog_projects\personal programs\c++\sidescrollingfighter\9_1_tp2_sidescrollingfighter\debug\9_1_tp2_.9ec42ac3.tlog\link.write.1.tlog
