e:\prog_projects\personal programs\c++\sidescrollingfighter\release\9_1_tp2_sidescrollingfighter.ipdb
e:\prog_projects\personal programs\c++\sidescrollingfighter\release\9_1_tp2_sidescrollingfighter.iobj
e:\prog_projects\personal programs\c++\sidescrollingfighter\9_1_tp2_sidescrollingfighter\release\vc141.pdb
e:\prog_projects\personal programs\c++\sidescrollingfighter\9_1_tp2_sidescrollingfighter\release\movable.obj
e:\prog_projects\personal programs\c++\sidescrollingfighter\9_1_tp2_sidescrollingfighter\release\modify_account.obj
e:\prog_projects\personal programs\c++\sidescrollingfighter\9_1_tp2_sidescrollingfighter\release\menu_factory.obj
e:\prog_projects\personal programs\c++\sidescrollingfighter\9_1_tp2_sidescrollingfighter\release\menu_controller.obj
e:\prog_projects\personal programs\c++\sidescrollingfighter\9_1_tp2_sidescrollingfighter\release\menu.obj
e:\prog_projects\personal programs\c++\sidescrollingfighter\9_1_tp2_sidescrollingfighter\release\main_menu.obj
e:\prog_projects\personal programs\c++\sidescrollingfighter\9_1_tp2_sidescrollingfighter\release\main.obj
e:\prog_projects\personal programs\c++\sidescrollingfighter\9_1_tp2_sidescrollingfighter\release\log_in.obj
e:\prog_projects\personal programs\c++\sidescrollingfighter\9_1_tp2_sidescrollingfighter\release\input_manager.obj
e:\prog_projects\personal programs\c++\sidescrollingfighter\9_1_tp2_sidescrollingfighter\release\high_score.obj
e:\prog_projects\personal programs\c++\sidescrollingfighter\9_1_tp2_sidescrollingfighter\release\game.obj
e:\prog_projects\personal programs\c++\sidescrollingfighter\9_1_tp2_sidescrollingfighter\release\entity.obj
e:\prog_projects\personal programs\c++\sidescrollingfighter\9_1_tp2_sidescrollingfighter\release\delete_account.obj
e:\prog_projects\personal programs\c++\sidescrollingfighter\9_1_tp2_sidescrollingfighter\release\defeat_screen.obj
e:\prog_projects\personal programs\c++\sidescrollingfighter\9_1_tp2_sidescrollingfighter\release\create_account.obj
e:\prog_projects\personal programs\c++\sidescrollingfighter\9_1_tp2_sidescrollingfighter\release\character.obj
e:\prog_projects\personal programs\c++\sidescrollingfighter\9_1_tp2_sidescrollingfighter\release\button.obj
e:\prog_projects\personal programs\c++\sidescrollingfighter\9_1_tp2_sidescrollingfighter\release\account_model.obj
e:\prog_projects\personal programs\c++\sidescrollingfighter\9_1_tp2_sidescrollingfighter\release\account_management.obj
e:\prog_projects\personal programs\c++\sidescrollingfighter\9_1_tp2_sidescrollingfighter\release\account_controller.obj
e:\prog_projects\personal programs\c++\sidescrollingfighter\9_1_tp2_sidescrollingfighter\release\tile.obj
e:\prog_projects\personal programs\c++\sidescrollingfighter\9_1_tp2_sidescrollingfighter\release\textbox.obj
e:\prog_projects\personal programs\c++\sidescrollingfighter\9_1_tp2_sidescrollingfighter\release\text.obj
e:\prog_projects\personal programs\c++\sidescrollingfighter\9_1_tp2_sidescrollingfighter\release\spike_trap.obj
e:\prog_projects\personal programs\c++\sidescrollingfighter\9_1_tp2_sidescrollingfighter\release\skeleton.obj
e:\prog_projects\personal programs\c++\sidescrollingfighter\9_1_tp2_sidescrollingfighter\release\shuriken_spawner.obj
e:\prog_projects\personal programs\c++\sidescrollingfighter\9_1_tp2_sidescrollingfighter\release\shuriken.obj
e:\prog_projects\personal programs\c++\sidescrollingfighter\9_1_tp2_sidescrollingfighter\release\search_high_score.obj
e:\prog_projects\personal programs\c++\sidescrollingfighter\9_1_tp2_sidescrollingfighter\release\score_model.obj
e:\prog_projects\personal programs\c++\sidescrollingfighter\9_1_tp2_sidescrollingfighter\release\score_controller.obj
e:\prog_projects\personal programs\c++\sidescrollingfighter\9_1_tp2_sidescrollingfighter\release\score.obj
e:\prog_projects\personal programs\c++\sidescrollingfighter\9_1_tp2_sidescrollingfighter\release\scene.obj
e:\prog_projects\personal programs\c++\sidescrollingfighter\9_1_tp2_sidescrollingfighter\release\saw.obj
e:\prog_projects\personal programs\c++\sidescrollingfighter\9_1_tp2_sidescrollingfighter\release\player_character.obj
e:\prog_projects\personal programs\c++\sidescrollingfighter\9_1_tp2_sidescrollingfighter\release\play.obj
e:\prog_projects\personal programs\c++\sidescrollingfighter\9_1_tp2_sidescrollingfighter\release\pause_menu.obj
e:\prog_projects\personal programs\c++\sidescrollingfighter\9_1_tp2_sidescrollingfighter\release\options.obj
e:\prog_projects\personal programs\c++\sidescrollingfighter\9_1_tp2_sidescrollingfighter\release\npc.obj
e:\prog_projects\personal programs\c++\sidescrollingfighter\9_1_tp2_sidescrollingfighter\release\my_high_score.obj
e:\prog_projects\personal programs\c++\sidescrollingfighter\9_1_tp2_sidescrollingfighter\release\multiplayer.obj
e:\prog_projects\personal programs\c++\sidescrollingfighter\9_1_tp2_sidescrollingfighter\release\victory_screen.obj
e:\prog_projects\personal programs\c++\sidescrollingfighter\release\9_1_tp2_sidescrollingfighter.exe
e:\prog_projects\personal programs\c++\sidescrollingfighter\release\9_1_tp2_sidescrollingfighter.pdb
e:\prog_projects\personal programs\c++\sidescrollingfighter\9_1_tp2_sidescrollingfighter\release\9_1_tp2_.9ec42ac3.tlog\9_1_tp2_sidescrollingfighter.write.1u.tlog
e:\prog_projects\personal programs\c++\sidescrollingfighter\9_1_tp2_sidescrollingfighter\release\9_1_tp2_.9ec42ac3.tlog\cl.command.1.tlog
e:\prog_projects\personal programs\c++\sidescrollingfighter\9_1_tp2_sidescrollingfighter\release\9_1_tp2_.9ec42ac3.tlog\cl.read.1.tlog
e:\prog_projects\personal programs\c++\sidescrollingfighter\9_1_tp2_sidescrollingfighter\release\9_1_tp2_.9ec42ac3.tlog\cl.write.1.tlog
e:\prog_projects\personal programs\c++\sidescrollingfighter\9_1_tp2_sidescrollingfighter\release\9_1_tp2_.9ec42ac3.tlog\link.command.1.tlog
e:\prog_projects\personal programs\c++\sidescrollingfighter\9_1_tp2_sidescrollingfighter\release\9_1_tp2_.9ec42ac3.tlog\link.read.1.tlog
e:\prog_projects\personal programs\c++\sidescrollingfighter\9_1_tp2_sidescrollingfighter\release\9_1_tp2_.9ec42ac3.tlog\link.write.1.tlog
